Using pre-set license
Built from '2022.3/release' branch; Version is '2022.3.5f1 (9674261d40ee) revision 9860134'; Using compiler version '192829333'; Build Type 'Release'
OS: 'Windows 11  (10.0.22621) 64bit Professional' Language: 'en' Physical Memory: 16185 MB
BatchMode: 1, IsHumanControllingUs: 0, StartBugReporterOnCrash: 0, Is64bit: 1, IsPro: 1

COMMAND LINE ARGUMENTS:
C:\Program Files\Unity\Hub\Editor\2022.3.5f1\Editor\Unity.exe
-adb2
-batchMode
-noUpm
-name
AssetImportWorker0
-projectPath
C:/Users/G00313471/Documents/GitHub/08-lightingsound-hRom-Design
-logFile
Logs/AssetImportWorker0.log
-srvPort
52528
Successfully changed project path to: C:/Users/G00313471/Documents/GitHub/08-lightingsound-hRom-Design
C:/Users/G00313471/Documents/GitHub/08-lightingsound-hRom-Design
[UnityMemory] Configuration Parameters - Can be set up in boot.config
    "memorysetup-bucket-allocator-granularity=16"
    "memorysetup-bucket-allocator-bucket-count=8"
    "memorysetup-bucket-allocator-block-size=33554432"
    "memorysetup-bucket-allocator-block-count=8"
    "memorysetup-main-allocator-block-size=16777216"
    "memorysetup-thread-allocator-block-size=16777216"
    "memorysetup-gfx-main-allocator-block-size=16777216"
    "memorysetup-gfx-thread-allocator-block-size=16777216"
    "memorysetup-cache-allocator-block-size=4194304"
    "memorysetup-typetree-allocator-block-size=2097152"
    "memorysetup-profiler-bucket-allocator-granularity=16"
    "memorysetup-profiler-bucket-allocator-bucket-count=8"
    "memorysetup-profiler-bucket-allocator-block-size=33554432"
    "memorysetup-profiler-bucket-allocator-block-count=8"
    "memorysetup-profiler-allocator-block-size=16777216"
    "memorysetup-profiler-editor-allocator-block-size=1048576"
    "memorysetup-temp-allocator-size-main=16777216"
    "memorysetup-job-temp-allocator-block-size=2097152"
    "memorysetup-job-temp-allocator-block-size-background=1048576"
    "memorysetup-job-temp-allocator-reduction-small-platforms=262144"
    "memorysetup-allocator-temp-initial-block-size-main=262144"
    "memorysetup-allocator-temp-initial-block-size-worker=262144"
    "memorysetup-temp-allocator-size-background-worker=32768"
    "memorysetup-temp-allocator-size-job-worker=262144"
    "memorysetup-temp-allocator-size-preload-manager=33554432"
    "memorysetup-temp-allocator-size-nav-mesh-worker=65536"
    "memorysetup-temp-allocator-size-audio-worker=65536"
    "memorysetup-temp-allocator-size-cloud-worker=32768"
    "memorysetup-temp-allocator-size-gi-baking-worker=262144"
    "memorysetup-temp-allocator-size-gfx=262144"
Player connection [17316] Host "[IP] 172.25.68.137 [Port] 0 [Flags] 2 [Guid] 1386824463 [EditorId] 1386824463 [Version] 1048832 [Id] WindowsEditor(7,W213-23) [Debug] 1 [PackageName] WindowsEditor [ProjectName] Editor" joined multi-casting on [225.0.0.222:54997]...

Player connection [17316] Host "[IP] 172.25.68.137 [Port] 0 [Flags] 2 [Guid] 1386824463 [EditorId] 1386824463 [Version] 1048832 [Id] WindowsEditor(7,W213-23) [Debug] 1 [PackageName] WindowsEditor [ProjectName] Editor" joined alternative multi-casting on [225.0.0.222:34997]...

Refreshing native plugins compatible for Editor in 0.81 ms, found 0 plugins.
Preloading 0 native plugins for Editor in 0.00 ms.
Initialize engine version: 2022.3.5f1 (9674261d40ee)
[Subsystems] Discovering subsystems at path C:/Program Files/Unity/Hub/Editor/2022.3.5f1/Editor/Data/Resources/UnitySubsystems
[Subsystems] Discovering subsystems at path C:/Users/G00313471/Documents/GitHub/08-lightingsound-hRom-Design/Assets
GfxDevice: creating device client; threaded=0; jobified=0
Direct3D:
    Version:  Direct3D 11.0 [level 11.1]
    Renderer: NVIDIA GeForce RTX 3080 (ID=0x2206)
    Vendor:   NVIDIA
    VRAM:     10067 MB
    Driver:   31.0.15.2824
Initialize mono
Mono path[0] = 'C:/Program Files/Unity/Hub/Editor/2022.3.5f1/Editor/Data/Managed'
Mono path[1] = 'C:/Program Files/Unity/Hub/Editor/2022.3.5f1/Editor/Data/MonoBleedingEdge/lib/mono/unityjit-win32'
Mono config path = 'C:/Program Files/Unity/Hub/Editor/2022.3.5f1/Editor/Data/MonoBleedingEdge/etc'
Using monoOptions --debugger-agent=transport=dt_socket,embedding=1,server=y,suspend=n,address=127.0.0.1:56860
Begin MonoManager ReloadAssembly
Registering precompiled unity dll's ...
Register platform support module: C:/Program Files/Unity/Hub/Editor/2022.3.5f1/Editor/Data/PlaybackEngines/WebGLSupport/UnityEditor.WebGL.Extensions.dll
Register platform support module: C:/Program Files/Unity/Hub/Editor/2022.3.5f1/Editor/Data/PlaybackEngines/iOSSupport/UnityEditor.iOS.Extensions.dll
Register platform support module: C:/Program Files/Unity/Hub/Editor/2022.3.5f1/Editor/Data/PlaybackEngines/WindowsStandaloneSupport/UnityEditor.WindowsStandalone.Extensions.dll
Register platform support module: C:/Program Files/Unity/Hub/Editor/2022.3.5f1/Editor/Data/PlaybackEngines/MetroSupport/UnityEditor.UWP.Extensions.dll
Registered in 0.011064 seconds.
- Loaded All Assemblies, in  0.429 seconds
Native extension for UWP target not found
Native extension for WindowsStandalone target not found
[usbmuxd] Start listen thread
[usbmuxd] Listen thread started
Native extension for iOS target not found
Native extension for WebGL target not found
Mono: successfully reloaded assembly
- Finished resetting the current domain, in  0.250 seconds
Domain Reload Profiling: 678ms
	BeginReloadAssembly (79ms)
		ExecutionOrderSort (0ms)
		DisableScriptedObjects (0ms)
		BackupInstance (0ms)
		ReleaseScriptingObjects (0ms)
		CreateAndSetChildDomain (1ms)
	RebuildCommonClasses (39ms)
	RebuildNativeTypeToScriptingClass (16ms)
	initialDomainReloadingComplete (62ms)
	LoadAllAssembliesAndSetupDomain (230ms)
		LoadAssemblies (78ms)
		RebuildTransferFunctionScriptingTraits (0ms)
		AnalyzeDomain (224ms)
			TypeCache.Refresh (223ms)
				TypeCache.ScanAssembly (212ms)
			ScanForSourceGeneratedMonoScriptInfo (0ms)
			ResolveRequiredComponents (0ms)
	FinalizeReload (251ms)
		ReleaseScriptCaches (0ms)
		RebuildScriptCaches (0ms)
		SetupLoadedEditorAssemblies (198ms)
			LogAssemblyErrors (0ms)
			InitializePlatformSupportModulesInManaged (26ms)
			SetLoadedEditorAssemblies (5ms)
			RefreshPlugins (0ms)
			BeforeProcessingInitializeOnLoad (2ms)
			ProcessInitializeOnLoadAttributes (120ms)
			ProcessInitializeOnLoadMethodAttributes (44ms)
			AfterProcessingInitializeOnLoad (0ms)
			EditorAssembliesLoaded (0ms)
		ExecutionOrderSort2 (0ms)
		AwakeInstancesAfterBackupRestoration (0ms)
========================================================================
Worker process is ready to serve import requests
Begin MonoManager ReloadAssembly
- Loaded All Assemblies, in  0.508 seconds
Refreshing native plugins compatible for Editor in 0.36 ms, found 0 plugins.
Native extension for UWP target not found
Native extension for WindowsStandalone target not found
Native extension for iOS target not found
Native extension for WebGL target not found
Mono: successfully reloaded assembly
- Finished resetting the current domain, in  0.421 seconds
Domain Reload Profiling: 927ms
	BeginReloadAssembly (190ms)
		ExecutionOrderSort (0ms)
		DisableScriptedObjects (5ms)
		BackupInstance (0ms)
		ReleaseScriptingObjects (0ms)
		CreateAndSetChildDomain (64ms)
	RebuildCommonClasses (32ms)
	RebuildNativeTypeToScriptingClass (10ms)
	initialDomainReloadingComplete (35ms)
	LoadAllAssembliesAndSetupDomain (239ms)
		LoadAssemblies (152ms)
		RebuildTransferFunctionScriptingTraits (0ms)
		AnalyzeDomain (140ms)
			TypeCache.Refresh (131ms)
				TypeCache.ScanAssembly (124ms)
			ScanForSourceGeneratedMonoScriptInfo (7ms)
			ResolveRequiredComponents (2ms)
	FinalizeReload (421ms)
		ReleaseScriptCaches (0ms)
		RebuildScriptCaches (0ms)
		SetupLoadedEditorAssemblies (298ms)
			LogAssemblyErrors (0ms)
			InitializePlatformSupportModulesInManaged (20ms)
			SetLoadedEditorAssemblies (3ms)
			RefreshPlugins (0ms)
			BeforeProcessingInitializeOnLoad (39ms)
			ProcessInitializeOnLoadAttributes (199ms)
			ProcessInitializeOnLoadMethodAttributes (30ms)
			AfterProcessingInitializeOnLoad (8ms)
			EditorAssembliesLoaded (0ms)
		ExecutionOrderSort2 (0ms)
		AwakeInstancesAfterBackupRestoration (7ms)
Launched and connected shader compiler UnityShaderCompiler.exe after 0.04 seconds
Refreshing native plugins compatible for Editor in 0.51 ms, found 0 plugins.
Preloading 0 native plugins for Editor in 0.00 ms.
Unloading 1422 Unused Serialized files (Serialized files now loaded: 0)
Unloading 16 unused Assets / (100.4 KB). Loaded Objects now: 1900.
Memory consumption went from 90.1 MB to 90.0 MB.
Total: 3.121600 ms (FindLiveObjects: 0.126800 ms CreateObjectMapping: 0.051300 ms MarkObjects: 2.827100 ms  DeleteObjects: 0.115500 ms)

AssetImportParameters requested are different than current active one (requested -> active):
  custom:video-encoder-webm-vp8: eb34c28f22e8b96e1ab97ce403110664 -> 
  custom:video-decoder-webm-vp8: 9c59270c3fd7afecdb556c50c9e8de78 -> 
  custom:audio-decoder-ogg-vorbis: bf7c407c2cedff20999df2af8eb42d56 -> 
  custom:container-demuxer-ogg: 62fdf1f143b41e24485cea50d1cbac27 -> 
  custom:AudioImporter_EditorPlatform: d09bf68614088b80899f8185d706f6e7 -> 
  custom:container-demuxer-webm: 4f35f7cbe854078d1ac9338744f61a02 -> 
  custom:video-codec-MediaFoundation-h265: 746d11721c4dcdbdad8f713fa42b33f4 -> 
  custom:video-decoder-ogg-theora: a1e56fd34408186e4bbccfd4996cb3dc -> 
  custom:audio-encoder-webm-vorbis: bf7c407c2cedff20999df2af8eb42d56 -> 
  custom:framework-win-MediaFoundation: 216162199b28c13a410421893ffa2e32 -> 
  custom:container-muxer-webm: aa71ff27fc2769a1b78a27578f13a17b -> 
========================================================================
Received Prepare
Refreshing native plugins compatible for Editor in 0.45 ms, found 0 plugins.
Preloading 0 native plugins for Editor in 0.00 ms.
Unloading 2 Unused Serialized files (Serialized files now loaded: 0)
Unloading 2 unused Assets / (54.8 KB). Loaded Objects now: 1900.
Memory consumption went from 60.5 MB to 60.5 MB.
Total: 2.615300 ms (FindLiveObjects: 0.129900 ms CreateObjectMapping: 0.058700 ms MarkObjects: 2.345100 ms  DeleteObjects: 0.080600 ms)

Prepare: number of updated asset objects reloaded= 0
AssetImportParameters requested are different than current active one (requested -> active):
  custom:video-encoder-webm-vp8: eb34c28f22e8b96e1ab97ce403110664 -> 
  custom:video-decoder-webm-vp8: 9c59270c3fd7afecdb556c50c9e8de78 -> 
  custom:audio-decoder-ogg-vorbis: bf7c407c2cedff20999df2af8eb42d56 -> 
  custom:container-demuxer-ogg: 62fdf1f143b41e24485cea50d1cbac27 -> 
  custom:AudioImporter_EditorPlatform: d09bf68614088b80899f8185d706f6e7 -> 
  custom:CustomObjectIndexerAttribute: 756ad292c208cfabdd7b50bc23989ffe -> 
  custom:container-demuxer-webm: 4f35f7cbe854078d1ac9338744f61a02 -> 
  custom:video-codec-MediaFoundation-h265: 746d11721c4dcdbdad8f713fa42b33f4 -> 
  custom:video-decoder-ogg-theora: a1e56fd34408186e4bbccfd4996cb3dc -> 
  custom:audio-encoder-webm-vorbis: bf7c407c2cedff20999df2af8eb42d56 -> 
  custom:framework-win-MediaFoundation: 216162199b28c13a410421893ffa2e32 -> 
  custom:container-muxer-webm: aa71ff27fc2769a1b78a27578f13a17b -> 
========================================================================
Received Import Request.
  Time since last request: 1442.573181 seconds.
  path: Assets/Models/Standard/arch.fbx
  artifactKey: Guid(38000b18fcaf0463d876955f8856434a) Importer(815301076,1909f56bfc062723c751e8b465ee728b)
Start importing Assets/Models/Standard/arch.fbx using Guid(38000b18fcaf0463d876955f8856434a) Importer(815301076,1909f56bfc062723c751e8b465ee728b)  -> (artifact id: '7e0a9d350dca44afbfc9d2664da46b5c') in 0.292325 seconds
Number of updated asset objects reloaded before import = 0
Number of asset objects unloaded after import = 9
========================================================================
Received Import Request.
  Time since last request: 0.000023 seconds.
  path: Assets/Models/Standard/floor_03_plane.fbx
  artifactKey: Guid(b805345886b9349b0ac6afb2113a2c7a) Importer(815301076,1909f56bfc062723c751e8b465ee728b)
Start importing Assets/Models/Standard/floor_03_plane.fbx using Guid(b805345886b9349b0ac6afb2113a2c7a) Importer(815301076,1909f56bfc062723c751e8b465ee728b)  -> (artifact id: '4555e6b213b2ef417d1b69665e79378a') in 0.037189 seconds
Number of updated asset objects reloaded before import = 0
Number of asset objects unloaded after import = 9
========================================================================
Received Import Request.
  Time since last request: 0.000022 seconds.
  path: Assets/Models/Standard/scaffolding_02.fbx
  artifactKey: Guid(a5fa2e5c8bddb45b69352a2bd1fda0cb) Importer(815301076,1909f56bfc062723c751e8b465ee728b)
Start importing Assets/Models/Standard/scaffolding_02.fbx using Guid(a5fa2e5c8bddb45b69352a2bd1fda0cb) Importer(815301076,1909f56bfc062723c751e8b465ee728b)  -> (artifact id: '24f6a8fc268b897b49600cad154cbec2') in 0.014249 seconds
Number of updated asset objects reloaded before import = 0
Number of asset objects unloaded after import = 9
========================================================================
Received Import Request.
  Time since last request: 0.000018 seconds.
  path: Assets/Models/Standard/wall_corner_x.fbx
  artifactKey: Guid(36539e02a0507486cba9d5438173567b) Importer(815301076,1909f56bfc062723c751e8b465ee728b)
Start importing Assets/Models/Standard/wall_corner_x.fbx using Guid(36539e02a0507486cba9d5438173567b) Importer(815301076,1909f56bfc062723c751e8b465ee728b)  -> (artifact id: 'cb051a8ccb37d5ac112d1b9d90d51d3a') in 0.016341 seconds
Number of updated asset objects reloaded before import = 0
Number of asset objects unloaded after import = 9
========================================================================
Received Import Request.
  Time since last request: 0.000016 seconds.
  path: Assets/Models/Standard/step_wall_corner_convex.fbx
  artifactKey: Guid(1ddef2ebf4e14415fbade0c186718bf5) Importer(815301076,1909f56bfc062723c751e8b465ee728b)
Start importing Assets/Models/Standard/step_wall_corner_convex.fbx using Guid(1ddef2ebf4e14415fbade0c186718bf5) Importer(815301076,1909f56bfc062723c751e8b465ee728b)  -> (artifact id: 'fbe48db131ae3f18e3b8397980cdd023') in 0.013133 seconds
Number of updated asset objects reloaded before import = 0
Number of asset objects unloaded after import = 9
========================================================================
Received Import Request.
  Time since last request: 0.000013 seconds.
  path: Assets/Models/Standard/house.fbx
  artifactKey: Guid(e6e49b02b719946449d7404a5055cff3) Importer(815301076,1909f56bfc062723c751e8b465ee728b)
Start importing Assets/Models/Standard/house.fbx using Guid(e6e49b02b719946449d7404a5055cff3) Importer(815301076,1909f56bfc062723c751e8b465ee728b)  -> (artifact id: '5da684e4728a74c06deba498f943ce11') in 0.012695 seconds
Number of updated asset objects reloaded before import = 0
Number of asset objects unloaded after import = 9
========================================================================
Received Import Request.
  Time since last request: 0.000013 seconds.
  path: Assets/Models/Mobile/mobile_step_wall_corner_concave.fbx
  artifactKey: Guid(35459aa9783b942a3b0bcfed5308ec31) Importer(815301076,1909f56bfc062723c751e8b465ee728b)
Start importing Assets/Models/Mobile/mobile_step_wall_corner_concave.fbx using Guid(35459aa9783b942a3b0bcfed5308ec31) Importer(815301076,1909f56bfc062723c751e8b465ee728b)  -> (artifact id: '917b6caf228353c6d029606cbe5331c4') in 0.025391 seconds
Number of updated asset objects reloaded before import = 0
Number of asset objects unloaded after import = 9
========================================================================
Received Import Request.
  Time since last request: 0.000012 seconds.
  path: Assets/Models/Mobile/mobile_wood_plank_02.fbx
  artifactKey: Guid(c4b1389b98e6144e3be78d72bcb51da6) Importer(815301076,1909f56bfc062723c751e8b465ee728b)
Start importing Assets/Models/Mobile/mobile_wood_plank_02.fbx using Guid(c4b1389b98e6144e3be78d72bcb51da6) Importer(815301076,1909f56bfc062723c751e8b465ee728b)  -> (artifact id: '9a006300af6d0a8a73b3573af3a0914b') in 0.012345 seconds
Number of updated asset objects reloaded before import = 0
Number of asset objects unloaded after import = 9
========================================================================
Received Import Request.
  Time since last request: 0.000013 seconds.
  path: Assets/Models/Mobile/mobile_stair_top_2_wide.fbx
  artifactKey: Guid(be3da8b6b1a8144f1845fb3087344d11) Importer(815301076,1909f56bfc062723c751e8b465ee728b)
Start importing Assets/Models/Mobile/mobile_stair_top_2_wide.fbx using Guid(be3da8b6b1a8144f1845fb3087344d11) Importer(815301076,1909f56bfc062723c751e8b465ee728b)  -> (artifact id: '72fd7ef3a2aa522b21e0e45b9113f649') in 0.012268 seconds
Number of updated asset objects reloaded before import = 0
Number of asset objects unloaded after import = 9
========================================================================
Received Import Request.
  Time since last request: 0.000013 seconds.
  path: Assets/Models/Mobile/mobile_lower_wall_concave.fbx
  artifactKey: Guid(04dfea5db13b54fb5afac3373aeab35f) Importer(815301076,1909f56bfc062723c751e8b465ee728b)
Start importing Assets/Models/Mobile/mobile_lower_wall_concave.fbx using Guid(04dfea5db13b54fb5afac3373aeab35f) Importer(815301076,1909f56bfc062723c751e8b465ee728b)  -> (artifact id: '4678898750b62d3934741cb52f7565bc') in 0.012807 seconds
Number of updated asset objects reloaded before import = 0
Number of asset objects unloaded after import = 9
========================================================================
Received Import Request.
  Time since last request: 0.000013 seconds.
  path: Assets/Models/Standard/stair_short_2_wide.fbx
  artifactKey: Guid(da376fdb8424342ffa0e5a05ea108c3b) Importer(815301076,1909f56bfc062723c751e8b465ee728b)
Start importing Assets/Models/Standard/stair_short_2_wide.fbx using Guid(da376fdb8424342ffa0e5a05ea108c3b) Importer(815301076,1909f56bfc062723c751e8b465ee728b)  -> (artifact id: '877bb5d2eccb4ef5c7f87c062ee2aabd') in 0.012060 seconds
Number of updated asset objects reloaded before import = 0
Number of asset objects unloaded after import = 9
========================================================================
Received Import Request.
  Time since last request: 0.000015 seconds.
  path: Assets/Models/Standard/wall_end.fbx
  artifactKey: Guid(48da00486848d47f08d01325eabfb275) Importer(815301076,1909f56bfc062723c751e8b465ee728b)
Start importing Assets/Models/Standard/wall_end.fbx using Guid(48da00486848d47f08d01325eabfb275) Importer(815301076,1909f56bfc062723c751e8b465ee728b)  -> (artifact id: '63e4c38a62b870674f9f9a4a6df89364') in 0.013570 seconds
Number of updated asset objects reloaded before import = 0
Number of asset objects unloaded after import = 9
========================================================================
Received Import Request.
  Time since last request: 0.000012 seconds.
  path: Assets/Models/Standard/pillar_small_segment.fbx
  artifactKey: Guid(0e9a520b017704fb4b55bd63696fa504) Importer(815301076,1909f56bfc062723c751e8b465ee728b)
Start importing Assets/Models/Standard/pillar_small_segment.fbx using Guid(0e9a520b017704fb4b55bd63696fa504) Importer(815301076,1909f56bfc062723c751e8b465ee728b)  -> (artifact id: 'fc98366847419d1443debc810fdf7143') in 0.013788 seconds
Number of updated asset objects reloaded before import = 0
Number of asset objects unloaded after import = 9
========================================================================
Received Import Request.
  Time since last request: 0.000013 seconds.
  path: Assets/Models/Mobile/mobile_pole_02.fbx
  artifactKey: Guid(6f1fe4b79f9c84d27a1b67ec06cc2123) Importer(815301076,1909f56bfc062723c751e8b465ee728b)
Start importing Assets/Models/Mobile/mobile_pole_02.fbx using Guid(6f1fe4b79f9c84d27a1b67ec06cc2123) Importer(815301076,1909f56bfc062723c751e8b465ee728b)  -> (artifact id: 'de71f17c6f24b15d6e99258259d6a6b4') in 0.012187 seconds
Number of updated asset objects reloaded before import = 0
Number of asset objects unloaded after import = 9
========================================================================
Received Import Request.
  Time since last request: 0.000012 seconds.
  path: Assets/Models/Standard/floor_divider_01.fbx
  artifactKey: Guid(3f33490bf39cf4ae7b9e791525b8ee4b) Importer(815301076,1909f56bfc062723c751e8b465ee728b)
Start importing Assets/Models/Standard/floor_divider_01.fbx using Guid(3f33490bf39cf4ae7b9e791525b8ee4b) Importer(815301076,1909f56bfc062723c751e8b465ee728b)  -> (artifact id: 'a9bac1a8d164a7bbbc74e32a1257b667') in 0.013107 seconds
Number of updated asset objects reloaded before import = 0
Number of asset objects unloaded after import = 9
========================================================================
Received Import Request.
  Time since last request: 0.000012 seconds.
  path: Assets/Models/Mobile/mobile_pillar_small_top.fbx
  artifactKey: Guid(ac438fb0d5e65448dbe3262cb175d759) Importer(815301076,1909f56bfc062723c751e8b465ee728b)
Start importing Assets/Models/Mobile/mobile_pillar_small_top.fbx using Guid(ac438fb0d5e65448dbe3262cb175d759) Importer(815301076,1909f56bfc062723c751e8b465ee728b)  -> (artifact id: '9622499d76a562052a0f61fcd42c217a') in 0.013757 seconds
Number of updated asset objects reloaded before import = 0
Number of asset objects unloaded after import = 9
========================================================================
Received Import Request.
  Time since last request: 0.000017 seconds.
  path: Assets/Models/Mobile/mobile_step_wall_corner_convex.fbx
  artifactKey: Guid(5413ef5d2b4204e2980019134bad36ff) Importer(815301076,1909f56bfc062723c751e8b465ee728b)
Start importing Assets/Models/Mobile/mobile_step_wall_corner_convex.fbx using Guid(5413ef5d2b4204e2980019134bad36ff) Importer(815301076,1909f56bfc062723c751e8b465ee728b)  -> (artifact id: '7634887412926f24aaaee86dc73f2c89') in 0.012693 seconds
Number of updated asset objects reloaded before import = 0
Number of asset objects unloaded after import = 9
========================================================================
Received Import Request.
  Time since last request: 0.000017 seconds.
  path: Assets/Models/Mobile/mobile_scaffolding_02.fbx
  artifactKey: Guid(8a76c68a2333c4d0abc8409afbfd4b66) Importer(815301076,1909f56bfc062723c751e8b465ee728b)
Start importing Assets/Models/Mobile/mobile_scaffolding_02.fbx using Guid(8a76c68a2333c4d0abc8409afbfd4b66) Importer(815301076,1909f56bfc062723c751e8b465ee728b)  -> (artifact id: 'a39eb8b11cfe116c2aa1f30c6493721e') in 0.015748 seconds
Number of updated asset objects reloaded before import = 0
Number of asset objects unloaded after import = 9
========================================================================
Received Import Request.
  Time since last request: 0.000017 seconds.
  path: Assets/Models/Standard/skeleton_01.fbx
  artifactKey: Guid(ae6e9c9b1e1a8449ab7c41b5acb4ad0a) Importer(815301076,1909f56bfc062723c751e8b465ee728b)
Start importing Assets/Models/Standard/skeleton_01.fbx using Guid(ae6e9c9b1e1a8449ab7c41b5acb4ad0a) Importer(815301076,1909f56bfc062723c751e8b465ee728b)  -> (artifact id: '0877f1a9ff754af1813e3efa54c4167b') in 0.215360 seconds
Number of updated asset objects reloaded before import = 0
Number of asset objects unloaded after import = 16
========================================================================
Received Import Request.
  Time since last request: 0.000013 seconds.
  path: Assets/Models/Mobile/mobile_lower_wall_pillar.fbx
  artifactKey: Guid(d49fb0e48bfff4a3fa435ae077228d69) Importer(815301076,1909f56bfc062723c751e8b465ee728b)
Start importing Assets/Models/Mobile/mobile_lower_wall_pillar.fbx using Guid(d49fb0e48bfff4a3fa435ae077228d69) Importer(815301076,1909f56bfc062723c751e8b465ee728b)  -> (artifact id: 'b66545ad4e86aadabd07ff990017ca64') in 0.013002 seconds
Number of updated asset objects reloaded before import = 0
Number of asset objects unloaded after import = 9
========================================================================
Received Import Request.
  Time since last request: 0.000018 seconds.
  path: Assets/Models/Mobile/mobile_tree_02.fbx
  artifactKey: Guid(9124851aa09894c5899db5d4f23e76a3) Importer(815301076,1909f56bfc062723c751e8b465ee728b)
Start importing Assets/Models/Mobile/mobile_tree_02.fbx using Guid(9124851aa09894c5899db5d4f23e76a3) Importer(815301076,1909f56bfc062723c751e8b465ee728b)  -> (artifact id: 'e1549f674773abb4392cc7e3bf226167') in 0.022097 seconds
Number of updated asset objects reloaded before import = 0
Number of asset objects unloaded after import = 16
========================================================================
Received Import Request.
  Time since last request: 0.000012 seconds.
  path: Assets/Models/Mobile/mobile_wood_plank_05.fbx
  artifactKey: Guid(1aae6cdffc2dc41e984a61a516ccac6f) Importer(815301076,1909f56bfc062723c751e8b465ee728b)
Start importing Assets/Models/Mobile/mobile_wood_plank_05.fbx using Guid(1aae6cdffc2dc41e984a61a516ccac6f) Importer(815301076,1909f56bfc062723c751e8b465ee728b)  -> (artifact id: 'f397e05de3de642da5d122765be45df5') in 0.013856 seconds
Number of updated asset objects reloaded before import = 0
Number of asset objects unloaded after import = 9
========================================================================
Received Import Request.
  Time since last request: 0.000014 seconds.
  path: Assets/Models/Mobile/mobile_wall_corner_concave.fbx
  artifactKey: Guid(a1a9675d2890b48f4a95dba32ca27e37) Importer(815301076,1909f56bfc062723c751e8b465ee728b)
Start importing Assets/Models/Mobile/mobile_wall_corner_concave.fbx using Guid(a1a9675d2890b48f4a95dba32ca27e37) Importer(815301076,1909f56bfc062723c751e8b465ee728b)  -> (artifact id: 'e9007b5b9c488547a6f4581ff6a07e22') in 0.012756 seconds
Number of updated asset objects reloaded before import = 0
Number of asset objects unloaded after import = 9
========================================================================
Received Import Request.
  Time since last request: 0.000012 seconds.
  path: Assets/Models/Standard/floor_divider_hub.fbx
  artifactKey: Guid(e8c9c3a0916c040aeb5a6742dd6efca1) Importer(815301076,1909f56bfc062723c751e8b465ee728b)
Start importing Assets/Models/Standard/floor_divider_hub.fbx using Guid(e8c9c3a0916c040aeb5a6742dd6efca1) Importer(815301076,1909f56bfc062723c751e8b465ee728b)  -> (artifact id: '21e8490bfe3e53f3f8c76666c045152b') in 0.013642 seconds
Number of updated asset objects reloaded before import = 0
Number of asset objects unloaded after import = 9
========================================================================
Received Import Request.
  Time since last request: 0.000012 seconds.
  path: Assets/Models/Mobile/mobile_scaffolding_01.fbx
  artifactKey: Guid(cae96bbb613f04b1fae123c7e8cd2e68) Importer(815301076,1909f56bfc062723c751e8b465ee728b)
Start importing Assets/Models/Mobile/mobile_scaffolding_01.fbx using Guid(cae96bbb613f04b1fae123c7e8cd2e68) Importer(815301076,1909f56bfc062723c751e8b465ee728b)  -> (artifact id: 'b20332b4c0ce4e504bd082ebfb548f68') in 0.013779 seconds
Number of updated asset objects reloaded before import = 0
Number of asset objects unloaded after import = 9
========================================================================
Received Import Request.
  Time since last request: 0.000018 seconds.
  path: Assets/Models/Standard/pillar_small_top.fbx
  artifactKey: Guid(80ebde7c5730548be97bc91949df3922) Importer(815301076,1909f56bfc062723c751e8b465ee728b)
Start importing Assets/Models/Standard/pillar_small_top.fbx using Guid(80ebde7c5730548be97bc91949df3922) Importer(815301076,1909f56bfc062723c751e8b465ee728b)  -> (artifact id: 'a9f0542f8c3113f0a600ac0e0522b5e5') in 0.012804 seconds
Number of updated asset objects reloaded before import = 0
Number of asset objects unloaded after import = 9
========================================================================
Received Import Request.
  Time since last request: 0.000012 seconds.
  path: Assets/Models/Mobile/mobile_rocks_03.fbx
  artifactKey: Guid(8aceca75cbe854558b931259231d7151) Importer(815301076,1909f56bfc062723c751e8b465ee728b)
Start importing Assets/Models/Mobile/mobile_rocks_03.fbx using Guid(8aceca75cbe854558b931259231d7151) Importer(815301076,1909f56bfc062723c751e8b465ee728b)  -> (artifact id: 'e9c47604bf7d8400f246f21c7dc97637') in 0.013058 seconds
Number of updated asset objects reloaded before import = 0
Number of asset objects unloaded after import = 9
========================================================================
Received Import Request.
  Time since last request: 0.000012 seconds.
  path: Assets/Models/Mobile/mobile_step_wall_02.fbx
  artifactKey: Guid(14828eb8497b1408c94a50209dcf85ff) Importer(815301076,1909f56bfc062723c751e8b465ee728b)
Start importing Assets/Models/Mobile/mobile_step_wall_02.fbx using Guid(14828eb8497b1408c94a50209dcf85ff) Importer(815301076,1909f56bfc062723c751e8b465ee728b)  -> (artifact id: 'cf74dd7bfb565f05e487a94ea200a08e') in 0.012364 seconds
Number of updated asset objects reloaded before import = 0
Number of asset objects unloaded after import = 9
========================================================================
Received Import Request.
  Time since last request: 0.000012 seconds.
  path: Assets/Models/Standard/stone_head_01.fbx
  artifactKey: Guid(3d20e15dc06b74dce8c71fd6f27cb068) Importer(815301076,1909f56bfc062723c751e8b465ee728b)
Start importing Assets/Models/Standard/stone_head_01.fbx using Guid(3d20e15dc06b74dce8c71fd6f27cb068) Importer(815301076,1909f56bfc062723c751e8b465ee728b)  -> (artifact id: '25038f403e65f517f75335b82279c91d') in 0.013500 seconds
Number of updated asset objects reloaded before import = 0
Number of asset objects unloaded after import = 9
========================================================================
Received Import Request.
  Time since last request: 0.000012 seconds.
  path: Assets/Models/Mobile/mobile_pyramid_small.fbx
  artifactKey: Guid(f40e2c20a89f4417b8e2878f44de9633) Importer(815301076,1909f56bfc062723c751e8b465ee728b)
Start importing Assets/Models/Mobile/mobile_pyramid_small.fbx using Guid(f40e2c20a89f4417b8e2878f44de9633) Importer(815301076,1909f56bfc062723c751e8b465ee728b)  -> (artifact id: '4ff02316e5c3ffe1c7c09f3dbd0137a1') in 0.013510 seconds
Number of updated asset objects reloaded before import = 0
Number of asset objects unloaded after import = 9
========================================================================
Received Import Request.
  Time since last request: 0.000011 seconds.
  path: Assets/Models/Standard/tree_02.fbx
  artifactKey: Guid(e8a219645bf8d443584a125df1f38169) Importer(815301076,1909f56bfc062723c751e8b465ee728b)
Start importing Assets/Models/Standard/tree_02.fbx using Guid(e8a219645bf8d443584a125df1f38169) Importer(815301076,1909f56bfc062723c751e8b465ee728b)  -> (artifact id: '7d319346030a7f3a62eac59f7300d987') in 0.023680 seconds
Number of updated asset objects reloaded before import = 0
Number of asset objects unloaded after import = 16
========================================================================
Received Import Request.
  Time since last request: 0.000012 seconds.
  path: Assets/Models/Standard/floor_02_plane.fbx
  artifactKey: Guid(6a7165b3e25fc4243b0a44316666ec63) Importer(815301076,1909f56bfc062723c751e8b465ee728b)
Start importing Assets/Models/Standard/floor_02_plane.fbx using Guid(6a7165b3e25fc4243b0a44316666ec63) Importer(815301076,1909f56bfc062723c751e8b465ee728b)  -> (artifact id: 'b9b863e7f4114ea4dff2f3a5adbb6ab4') in 0.012372 seconds
Number of updated asset objects reloaded before import = 0
Number of asset objects unloaded after import = 9
========================================================================
Received Import Request.
  Time since last request: 0.000013 seconds.
  path: Assets/Models/Mobile/mobile_pillar_03.fbx
  artifactKey: Guid(a9da9b288b5bc4d7797ddd9bd033dfb0) Importer(815301076,1909f56bfc062723c751e8b465ee728b)
Start importing Assets/Models/Mobile/mobile_pillar_03.fbx using Guid(a9da9b288b5bc4d7797ddd9bd033dfb0) Importer(815301076,1909f56bfc062723c751e8b465ee728b)  -> (artifact id: '03b0c333fd251bd5ce623a4f21c85851') in 0.012884 seconds
Number of updated asset objects reloaded before import = 0
Number of asset objects unloaded after import = 9
========================================================================
Received Import Request.
  Time since last request: 0.000012 seconds.
  path: Assets/Models/Mobile/mobile_skull_02_b.fbx
  artifactKey: Guid(0c5470fc7e9ad42d191cb02bb9779484) Importer(815301076,1909f56bfc062723c751e8b465ee728b)
Start importing Assets/Models/Mobile/mobile_skull_02_b.fbx using Guid(0c5470fc7e9ad42d191cb02bb9779484) Importer(815301076,1909f56bfc062723c751e8b465ee728b)  -> (artifact id: '4bda3e44bbf765ce86ffd261dba64507') in 0.014815 seconds
Number of updated asset objects reloaded before import = 0
Number of asset objects unloaded after import = 9
========================================================================
Received Import Request.
  Time since last request: 0.000017 seconds.
  path: Assets/Models/Mobile/mobile_house.fbx
  artifactKey: Guid(9bd1acd418029409394112ed80c4c028) Importer(815301076,1909f56bfc062723c751e8b465ee728b)
Start importing Assets/Models/Mobile/mobile_house.fbx using Guid(9bd1acd418029409394112ed80c4c028) Importer(815301076,1909f56bfc062723c751e8b465ee728b)  -> (artifact id: '48b5365a0a7e8788bd3450caecd629f7') in 0.013511 seconds
Number of updated asset objects reloaded before import = 0
Number of asset objects unloaded after import = 9
========================================================================
Received Import Request.
  Time since last request: 0.000022 seconds.
  path: Assets/Models/Standard/pillar_02.fbx
  artifactKey: Guid(527b36b96fabb4dbcaf623f262601f3d) Importer(815301076,1909f56bfc062723c751e8b465ee728b)
Start importing Assets/Models/Standard/pillar_02.fbx using Guid(527b36b96fabb4dbcaf623f262601f3d) Importer(815301076,1909f56bfc062723c751e8b465ee728b)  -> (artifact id: '110087218108fd8a11ba57643c00c31f') in 0.012800 seconds
Number of updated asset objects reloaded before import = 0
Number of asset objects unloaded after import = 9
========================================================================
Received Import Request.
  Time since last request: 0.000012 seconds.
  path: Assets/Models/Standard/wall_corner_concave.fbx
  artifactKey: Guid(36f9e8e55a47340c588f1fb261d7df7f) Importer(815301076,1909f56bfc062723c751e8b465ee728b)
Start importing Assets/Models/Standard/wall_corner_concave.fbx using Guid(36f9e8e55a47340c588f1fb261d7df7f) Importer(815301076,1909f56bfc062723c751e8b465ee728b)  -> (artifact id: 'e028de872af968f37a41968ff488b002') in 0.012363 seconds
Number of updated asset objects reloaded before import = 0
Number of asset objects unloaded after import = 9
========================================================================
Received Import Request.
  Time since last request: 0.000011 seconds.
  path: Assets/Models/Mobile/mobile_pole_06.fbx
  artifactKey: Guid(0b42b59f824134eb4a8ef75668ac9241) Importer(815301076,1909f56bfc062723c751e8b465ee728b)
Start importing Assets/Models/Mobile/mobile_pole_06.fbx using Guid(0b42b59f824134eb4a8ef75668ac9241) Importer(815301076,1909f56bfc062723c751e8b465ee728b)  -> (artifact id: '0ebf05fbf291800ff62c04d597af609c') in 0.012503 seconds
Number of updated asset objects reloaded before import = 0
Number of asset objects unloaded after import = 9
========================================================================
Received Import Request.
  Time since last request: 0.000010 seconds.
  path: Assets/Models/Standard/pole_04.fbx
  artifactKey: Guid(45768e427137b480aa9a0b7989e987aa) Importer(815301076,1909f56bfc062723c751e8b465ee728b)
Start importing Assets/Models/Standard/pole_04.fbx using Guid(45768e427137b480aa9a0b7989e987aa) Importer(815301076,1909f56bfc062723c751e8b465ee728b)  -> (artifact id: '37fc2dc1a273590974bc3a641b17d739') in 0.013272 seconds
Number of updated asset objects reloaded before import = 0
Number of asset objects unloaded after import = 9
========================================================================
Received Import Request.
  Time since last request: 0.000012 seconds.
  path: Assets/Models/Standard/step_wall_01.fbx
  artifactKey: Guid(2a51e8a3118af4e45b5ac4bf87fb0ad0) Importer(815301076,1909f56bfc062723c751e8b465ee728b)
Start importing Assets/Models/Standard/step_wall_01.fbx using Guid(2a51e8a3118af4e45b5ac4bf87fb0ad0) Importer(815301076,1909f56bfc062723c751e8b465ee728b)  -> (artifact id: '87ad8f56ce091dd8e1e9ae0c9ccea359') in 0.013173 seconds
Number of updated asset objects reloaded before import = 0
Number of asset objects unloaded after import = 9
========================================================================
Received Import Request.
  Time since last request: 0.000011 seconds.
  path: Assets/Models/Standard/skull_01_b.fbx
  artifactKey: Guid(e6e90eca46f5e4523a634e59c10184dd) Importer(815301076,1909f56bfc062723c751e8b465ee728b)
Start importing Assets/Models/Standard/skull_01_b.fbx using Guid(e6e90eca46f5e4523a634e59c10184dd) Importer(815301076,1909f56bfc062723c751e8b465ee728b)  -> (artifact id: 'faf83d05add3dcca61583ff1d99c4665') in 0.013378 seconds
Number of updated asset objects reloaded before import = 0
Number of asset objects unloaded after import = 9
========================================================================
Received Import Request.
  Time since last request: 0.000013 seconds.
  path: Assets/Models/Standard/wood_plank_01.fbx
  artifactKey: Guid(fde914d25fb714558bccd3ba96a70b38) Importer(815301076,1909f56bfc062723c751e8b465ee728b)
Start importing Assets/Models/Standard/wood_plank_01.fbx using Guid(fde914d25fb714558bccd3ba96a70b38) Importer(815301076,1909f56bfc062723c751e8b465ee728b)  -> (artifact id: '15036433f6c59fbd0c9f6afbc9f549ac') in 0.015244 seconds
Number of updated asset objects reloaded before import = 0
Number of asset objects unloaded after import = 9
========================================================================
Received Import Request.
  Time since last request: 0.000011 seconds.
  path: Assets/Models/Standard/vines_01.fbx
  artifactKey: Guid(fa22a43ec6d9f40d7bc2e2af88fe2ffc) Importer(815301076,1909f56bfc062723c751e8b465ee728b)
Start importing Assets/Models/Standard/vines_01.fbx using Guid(fa22a43ec6d9f40d7bc2e2af88fe2ffc) Importer(815301076,1909f56bfc062723c751e8b465ee728b)  -> (artifact id: 'f16de91d1014f53aa245a9778d429346') in 0.013310 seconds
Number of updated asset objects reloaded before import = 0
Number of asset objects unloaded after import = 9
========================================================================
Received Import Request.
  Time since last request: 0.000019 seconds.
  path: Assets/Models/Mobile/mobile_floor_divider_01.fbx
  artifactKey: Guid(3e537e0bea1b0497e8bd0041c6591ab1) Importer(815301076,1909f56bfc062723c751e8b465ee728b)
Start importing Assets/Models/Mobile/mobile_floor_divider_01.fbx using Guid(3e537e0bea1b0497e8bd0041c6591ab1) Importer(815301076,1909f56bfc062723c751e8b465ee728b)  -> (artifact id: 'f11b33748023b0a9ca67752f9c319e71') in 0.014366 seconds
Number of updated asset objects reloaded before import = 0
Number of asset objects unloaded after import = 9
========================================================================
Received Import Request.
  Time since last request: 0.000016 seconds.
  path: Assets/Models/Standard/vines_02.fbx
  artifactKey: Guid(e35efc603e19d4b20b3e632f538554e4) Importer(815301076,1909f56bfc062723c751e8b465ee728b)
Start importing Assets/Models/Standard/vines_02.fbx using Guid(e35efc603e19d4b20b3e632f538554e4) Importer(815301076,1909f56bfc062723c751e8b465ee728b)  -> (artifact id: '0d33c924dc4e61a2b9afdcfc6ab2e238') in 0.012350 seconds
Number of updated asset objects reloaded before import = 0
Number of asset objects unloaded after import = 9
========================================================================
Received Import Request.
  Time since last request: 0.000016 seconds.
  path: Assets/Models/Mobile/mobile_step_wall_corner_convex_b.fbx
  artifactKey: Guid(8e7c736209bbe448a86e687d55c0d679) Importer(815301076,1909f56bfc062723c751e8b465ee728b)
Start importing Assets/Models/Mobile/mobile_step_wall_corner_convex_b.fbx using Guid(8e7c736209bbe448a86e687d55c0d679) Importer(815301076,1909f56bfc062723c751e8b465ee728b)  -> (artifact id: '1aa33ba812862880136562359f1c8210') in 0.013956 seconds
Number of updated asset objects reloaded before import = 0
Number of asset objects unloaded after import = 9
========================================================================
Received Import Request.
  Time since last request: 0.000013 seconds.
  path: Assets/Models/Standard/stair_bottom_2_wide.fbx
  artifactKey: Guid(2f0f74f253b28473ca7694766da93eef) Importer(815301076,1909f56bfc062723c751e8b465ee728b)
Start importing Assets/Models/Standard/stair_bottom_2_wide.fbx using Guid(2f0f74f253b28473ca7694766da93eef) Importer(815301076,1909f56bfc062723c751e8b465ee728b)  -> (artifact id: '961313865aa6d6d355b6155505f8657f') in 0.012693 seconds
Number of updated asset objects reloaded before import = 0
Number of asset objects unloaded after import = 9
========================================================================
Received Import Request.
  Time since last request: 0.000011 seconds.
  path: Assets/Models/Mobile/mobile_step_wall_pillar.fbx
  artifactKey: Guid(b1116571e66e141eba1cd8b6299415d9) Importer(815301076,1909f56bfc062723c751e8b465ee728b)
Start importing Assets/Models/Mobile/mobile_step_wall_pillar.fbx using Guid(b1116571e66e141eba1cd8b6299415d9) Importer(815301076,1909f56bfc062723c751e8b465ee728b)  -> (artifact id: 'd35a82b30d3a70d8a169097b6cd55ebc') in 0.012869 seconds
Number of updated asset objects reloaded before import = 0
Number of asset objects unloaded after import = 9
========================================================================
Received Import Request.
  Time since last request: 0.000012 seconds.
  path: Assets/Models/Mobile/mobile_skull_01_b.fbx
  artifactKey: Guid(faf4522a1f6334004a7d035920bdc3df) Importer(815301076,1909f56bfc062723c751e8b465ee728b)
Start importing Assets/Models/Mobile/mobile_skull_01_b.fbx using Guid(faf4522a1f6334004a7d035920bdc3df) Importer(815301076,1909f56bfc062723c751e8b465ee728b)  -> (artifact id: 'b9415593b250471c757b26654bda8b2f') in 0.013016 seconds
Number of updated asset objects reloaded before import = 0
Number of asset objects unloaded after import = 9
========================================================================
Received Import Request.
  Time since last request: 0.000010 seconds.
  path: Assets/Models/Standard/loose_rocks_01.fbx
  artifactKey: Guid(cf58b05cc6fa042209aefe409c94feda) Importer(815301076,1909f56bfc062723c751e8b465ee728b)
Start importing Assets/Models/Standard/loose_rocks_01.fbx using Guid(cf58b05cc6fa042209aefe409c94feda) Importer(815301076,1909f56bfc062723c751e8b465ee728b)  -> (artifact id: 'd4e4a33d85bc1645046b5e398eb84f5a') in 0.012450 seconds
Number of updated asset objects reloaded before import = 0
Number of asset objects unloaded after import = 9
========================================================================
Received Import Request.
  Time since last request: 0.000011 seconds.
  path: Assets/Models/Mobile/mobile_lower_wall_tile.fbx
  artifactKey: Guid(db8a8a84ebfbc4d3a8ee88965ea9e767) Importer(815301076,1909f56bfc062723c751e8b465ee728b)
Start importing Assets/Models/Mobile/mobile_lower_wall_tile.fbx using Guid(db8a8a84ebfbc4d3a8ee88965ea9e767) Importer(815301076,1909f56bfc062723c751e8b465ee728b)  -> (artifact id: '08f9484f8f6c9159e9c1855f5914e90c') in 0.012722 seconds
Number of updated asset objects reloaded before import = 0
Number of asset objects unloaded after import = 9
========================================================================
Received Import Request.
  Time since last request: 0.000018 seconds.
  path: Assets/Models/Mobile/mobile_pillar_small_segment.fbx
  artifactKey: Guid(2a34d8226bf6e427d8b078b3299d4277) Importer(815301076,1909f56bfc062723c751e8b465ee728b)
Start importing Assets/Models/Mobile/mobile_pillar_small_segment.fbx using Guid(2a34d8226bf6e427d8b078b3299d4277) Importer(815301076,1909f56bfc062723c751e8b465ee728b)  -> (artifact id: '6bd6ad724e2fe0e4065f433260a3c8bb') in 0.013302 seconds
Number of updated asset objects reloaded before import = 0
Number of asset objects unloaded after import = 9
========================================================================
Received Import Request.
  Time since last request: 0.000023 seconds.
  path: Assets/Models/Mobile/mobile_bone_01.fbx
  artifactKey: Guid(12267613c3b104538803652198b1c0b3) Importer(815301076,1909f56bfc062723c751e8b465ee728b)
Start importing Assets/Models/Mobile/mobile_bone_01.fbx using Guid(12267613c3b104538803652198b1c0b3) Importer(815301076,1909f56bfc062723c751e8b465ee728b)  -> (artifact id: '5e4c19706f09711f8ef94d2bebdec4e8') in 0.013454 seconds
Number of updated asset objects reloaded before import = 0
Number of asset objects unloaded after import = 9
========================================================================
Received Import Request.
  Time since last request: 0.000014 seconds.
  path: Assets/Models/Standard/entrance.fbx
  artifactKey: Guid(2b2af3e1596eb42ff8bf06f03787fae8) Importer(815301076,1909f56bfc062723c751e8b465ee728b)
Start importing Assets/Models/Standard/entrance.fbx using Guid(2b2af3e1596eb42ff8bf06f03787fae8) Importer(815301076,1909f56bfc062723c751e8b465ee728b)  -> (artifact id: 'bb27e3fbe014a1e7aa0b92bb05bce58f') in 0.013035 seconds
Number of updated asset objects reloaded before import = 0
Number of asset objects unloaded after import = 9
========================================================================
Received Import Request.
  Time since last request: 0.000013 seconds.
  path: Assets/Models/Standard/pyramid_small.fbx
  artifactKey: Guid(b930d1003b17e4385938f15538787bcc) Importer(815301076,1909f56bfc062723c751e8b465ee728b)
Start importing Assets/Models/Standard/pyramid_small.fbx using Guid(b930d1003b17e4385938f15538787bcc) Importer(815301076,1909f56bfc062723c751e8b465ee728b)  -> (artifact id: '5c4b4f045a2f6c3adcccda089c380993') in 0.014349 seconds
Number of updated asset objects reloaded before import = 0
Number of asset objects unloaded after import = 9
========================================================================
Received Import Request.
  Time since last request: 0.000012 seconds.
  path: Assets/Models/Standard/rocks_03.fbx
  artifactKey: Guid(396c6808e42944d3db6240a6fac4b165) Importer(815301076,1909f56bfc062723c751e8b465ee728b)
Start importing Assets/Models/Standard/rocks_03.fbx using Guid(396c6808e42944d3db6240a6fac4b165) Importer(815301076,1909f56bfc062723c751e8b465ee728b)  -> (artifact id: '0ee8109aa988c4efdbcaa8413fe52f77') in 0.013093 seconds
Number of updated asset objects reloaded before import = 0
Number of asset objects unloaded after import = 9
========================================================================
Received Import Request.
  Time since last request: 0.000043 seconds.
  path: Assets/Models/Mobile/mobile_pole_04.fbx
  artifactKey: Guid(077a485fec75e4636b175f3e74994128) Importer(815301076,1909f56bfc062723c751e8b465ee728b)
Start importing Assets/Models/Mobile/mobile_pole_04.fbx using Guid(077a485fec75e4636b175f3e74994128) Importer(815301076,1909f56bfc062723c751e8b465ee728b)  -> (artifact id: 'cae467bcdd438a3264e3e89dbbbdd865') in 0.012404 seconds
Number of updated asset objects reloaded before import = 0
Number of asset objects unloaded after import = 9
========================================================================
Received Import Request.
  Time since last request: 0.000011 seconds.
  path: Assets/Models/Standard/pole_06.fbx
  artifactKey: Guid(edfc11aed90274bf1b76fe65bd46fe83) Importer(815301076,1909f56bfc062723c751e8b465ee728b)
Start importing Assets/Models/Standard/pole_06.fbx using Guid(edfc11aed90274bf1b76fe65bd46fe83) Importer(815301076,1909f56bfc062723c751e8b465ee728b)  -> (artifact id: 'f1fbc9e7698c6c94e716194772d3f41a') in 0.015245 seconds
Number of updated asset objects reloaded before import = 0
Number of asset objects unloaded after import = 9
========================================================================
Received Import Request.
  Time since last request: 0.000013 seconds.
  path: Assets/Models/Standard/step_wall_pillar.fbx
  artifactKey: Guid(9e13051c65102411e949827b8ab5fe2e) Importer(815301076,1909f56bfc062723c751e8b465ee728b)
Start importing Assets/Models/Standard/step_wall_pillar.fbx using Guid(9e13051c65102411e949827b8ab5fe2e) Importer(815301076,1909f56bfc062723c751e8b465ee728b)  -> (artifact id: 'b1165a7913df2f76776cff20c36b54fa') in 0.012863 seconds
Number of updated asset objects reloaded before import = 0
Number of asset objects unloaded after import = 9
